2019-10-07 13:47:22,492 INFO [restartedMain] l.c.a.AsiyaApplication [StartupInfoLogger.java:48] Starting AsiyaApplication on CHANGLIN with PID 26280 (started by LcL in E:\迅雷下载\project\x1hn1k\asiya)
2019-10-07 13:47:22,493 INFO [restartedMain] l.c.a.AsiyaApplication [SpringApplication.java:637] No active profile set, falling back to default profiles: default
2019-10-07 13:47:22,495 INFO [restartedMain] o.s.b.c.e.AnnotationConfigEmbeddedWebApplicationContext [AbstractApplicationContext.java:582] Refreshing org.springframework.boot.context.embedded.AnnotationConfigEmbeddedWebApplicationContext@12795d8d: startup date [Mon Oct 07 13:47:22 CST 2019]; root of context hierarchy
2019-10-07 13:47:23,084 INFO [restartedMain] o.s.d.r.c.RepositoryConfigurationDelegate [RepositoryConfigurationDelegate.java:165] Multiple Spring Data modules found, entering strict repository configuration mode!
2019-10-07 13:47:23,108 INFO [restartedMain] o.s.d.r.c.RepositoryConfigurationExtensionSupport [RepositoryConfigurationExtensionSupport.java:270] Spring Data Elasticsearch - Could not safely identify store assignment for repository candidate interface li.changlin.asiya.repository.AuthorityRepo.
2019-10-07 13:47:23,109 INFO [restartedMain] o.s.d.r.c.RepositoryConfigurationExtensionSupport [RepositoryConfigurationExtensionSupport.java:270] Spring Data Elasticsearch - Could not safely identify store assignment for repository candidate interface li.changlin.asiya.repository.CommentRepo.
2019-10-07 13:47:23,110 INFO [restartedMain] o.s.d.r.c.RepositoryConfigurationExtensionSupport [RepositoryConfigurationExtensionSupport.java:270] Spring Data Elasticsearch - Could not safely identify store assignment for repository candidate interface li.changlin.asiya.repository.VoteRepo.
2019-10-07 13:47:23,112 INFO [restartedMain] o.s.d.r.c.RepositoryConfigurationExtensionSupport [RepositoryConfigurationExtensionSupport.java:270] Spring Data Elasticsearch - Could not safely identify store assignment for repository candidate interface li.changlin.asiya.repository.UserRepo.
2019-10-07 13:47:23,113 INFO [restartedMain] o.s.d.r.c.RepositoryConfigurationExtensionSupport [RepositoryConfigurationExtensionSupport.java:270] Spring Data Elasticsearch - Could not safely identify store assignment for repository candidate interface li.changlin.asiya.repository.VideoRepo.
2019-10-07 13:47:23,122 INFO [restartedMain] o.s.d.r.c.RepositoryConfigurationDelegate [RepositoryConfigurationDelegate.java:165] Multiple Spring Data modules found, entering strict repository configuration mode!
2019-10-07 13:47:23,143 INFO [restartedMain] o.s.d.r.c.RepositoryConfigurationExtensionSupport [RepositoryConfigurationExtensionSupport.java:270] Spring Data JPA - Could not safely identify store assignment for repository candidate interface li.changlin.asiya.repository.ItemRepository.
2019-10-07 13:47:23,143 INFO [restartedMain] o.s.d.r.c.RepositoryConfigurationExtensionSupport [RepositoryConfigurationExtensionSupport.java:270] Spring Data JPA - Could not safely identify store assignment for repository candidate interface li.changlin.asiya.repository.EsVideoRepo.
2019-10-07 13:47:23,161 INFO [restartedMain] o.s.d.r.c.RepositoryConfigurationDelegate [RepositoryConfigurationDelegate.java:165] Multiple Spring Data modules found, entering strict repository configuration mode!
2019-10-07 13:47:23,182 INFO [restartedMain] o.s.d.r.c.RepositoryConfigurationExtensionSupport [RepositoryConfigurationExtensionSupport.java:270] Spring Data Redis - Could not safely identify store assignment for repository candidate interface li.changlin.asiya.repository.AuthorityRepo.
2019-10-07 13:47:23,182 INFO [restartedMain] o.s.d.r.c.RepositoryConfigurationExtensionSupport [RepositoryConfigurationExtensionSupport.java:270] Spring Data Redis - Could not safely identify store assignment for repository candidate interface li.changlin.asiya.repository.CommentRepo.
2019-10-07 13:47:23,182 INFO [restartedMain] o.s.d.r.c.RepositoryConfigurationExtensionSupport [RepositoryConfigurationExtensionSupport.java:270] Spring Data Redis - Could not safely identify store assignment for repository candidate interface li.changlin.asiya.repository.VoteRepo.
2019-10-07 13:47:23,183 INFO [restartedMain] o.s.d.r.c.RepositoryConfigurationExtensionSupport [RepositoryConfigurationExtensionSupport.java:270] Spring Data Redis - Could not safely identify store assignment for repository candidate interface li.changlin.asiya.repository.ItemRepository.
2019-10-07 13:47:23,183 INFO [restartedMain] o.s.d.r.c.RepositoryConfigurationExtensionSupport [RepositoryConfigurationExtensionSupport.java:270] Spring Data Redis - Could not safely identify store assignment for repository candidate interface li.changlin.asiya.repository.UserRepo.
2019-10-07 13:47:23,183 INFO [restartedMain] o.s.d.r.c.RepositoryConfigurationExtensionSupport [RepositoryConfigurationExtensionSupport.java:270] Spring Data Redis - Could not safely identify store assignment for repository candidate interface li.changlin.asiya.repository.VideoRepo.
2019-10-07 13:47:23,183 INFO [restartedMain] o.s.d.r.c.RepositoryConfigurationExtensionSupport [RepositoryConfigurationExtensionSupport.java:270] Spring Data Redis - Could not safely identify store assignment for repository candidate interface li.changlin.asiya.repository.EsVideoRepo.
2019-10-07 13:47:23,236 INFO [restartedMain] o.s.c.s.PostProcessorRegistrationDelegate$BeanPostProcessorChecker [PostProcessorRegistrationDelegate.java:325] Bean 'org.springframework.transaction.annotation.ProxyTransactionManagementConfiguration' of type [org.springframework.transaction.annotation.ProxyTransactionManagementConfiguration$$EnhancerBySpringCGLIB$$44777d96] is not eligible for getting processed by all BeanPostProcessors (for example: not eligible for auto-proxying)
2019-10-07 13:47:23,239 INFO [restartedMain] o.s.c.s.PostProcessorRegistrationDelegate$BeanPostProcessorChecker [PostProcessorRegistrationDelegate.java:325] Bean 'org.springframework.security.config.annotation.configuration.ObjectPostProcessorConfiguration' of type [org.springframework.security.config.annotation.configuration.ObjectPostProcessorConfiguration$$EnhancerBySpringCGLIB$$dd2545d0] is not eligible for getting processed by all BeanPostProcessors (for example: not eligible for auto-proxying)
2019-10-07 13:47:23,241 INFO [restartedMain] o.s.c.s.PostProcessorRegistrationDelegate$BeanPostProcessorChecker [PostProcessorRegistrationDelegate.java:325] Bean 'objectPostProcessor' of type [org.springframework.security.config.annotation.configuration.AutowireBeanFactoryObjectPostProcessor] is not eligible for getting processed by all BeanPostProcessors (for example: not eligible for auto-proxying)
2019-10-07 13:47:23,241 INFO [restartedMain] o.s.c.s.PostProcessorRegistrationDelegate$BeanPostProcessorChecker [PostProcessorRegistrationDelegate.java:325] Bean 'org.springframework.security.access.expression.method.DefaultMethodSecurityExpressionHandler@6cb13481' of type [org.springframework.security.access.expression.method.DefaultMethodSecurityExpressionHandler] is not eligible for getting processed by all BeanPostProcessors (for example: not eligible for auto-proxying)
2019-10-07 13:47:23,244 INFO [restartedMain] o.s.c.s.PostProcessorRegistrationDelegate$BeanPostProcessorChecker [PostProcessorRegistrationDelegate.java:325] Bean 'org.springframework.security.config.annotation.method.configuration.GlobalMethodSecurityConfiguration' of type [org.springframework.security.config.annotation.method.configuration.GlobalMethodSecurityConfiguration$$EnhancerBySpringCGLIB$$1f9e882] is not eligible for getting processed by all BeanPostProcessors (for example: not eligible for auto-proxying)
2019-10-07 13:47:23,245 INFO [restartedMain] o.s.c.s.PostProcessorRegistrationDelegate$BeanPostProcessorChecker [PostProcessorRegistrationDelegate.java:325] Bean 'methodSecurityMetadataSource' of type [org.springframework.security.access.method.DelegatingMethodSecurityMetadataSource] is not eligible for getting processed by all BeanPostProcessors (for example: not eligible for auto-proxying)
2019-10-07 13:47:23,407 INFO [restartedMain] o.s.b.c.e.t.TomcatEmbeddedServletContainer [TomcatEmbeddedServletContainer.java:89] Tomcat initialized with port(s): 80 (http)
2019-10-07 13:47:23,407 INFO [restartedMain] o.a.c.c.StandardService [DirectJDKLog.java:179] Starting service Tomcat
2019-10-07 13:47:23,407 INFO [restartedMain] o.a.c.c.StandardEngine [DirectJDKLog.java:179] Starting Servlet Engine: Apache Tomcat/8.5.11
2019-10-07 13:47:23,417 INFO [localhost-startStop-1] o.a.c.c.C.[.[.[/] [DirectJDKLog.java:179] Initializing Spring embedded WebApplicationContext
2019-10-07 13:47:23,418 INFO [localhost-startStop-1] o.s.w.c.ContextLoader [EmbeddedWebApplicationContext.java:276] Root WebApplicationContext: initialization completed in 923 ms
2019-10-07 13:47:23,483 INFO [localhost-startStop-1] o.s.b.w.s.FilterRegistrationBean [AbstractFilterRegistrationBean.java:258] Mapping filter: 'characterEncodingFilter' to: [/*]
2019-10-07 13:47:23,483 INFO [localhost-startStop-1] o.s.b.w.s.FilterRegistrationBean [AbstractFilterRegistrationBean.java:258] Mapping filter: 'hiddenHttpMethodFilter' to: [/*]
2019-10-07 13:47:23,483 INFO [localhost-startStop-1] o.s.b.w.s.FilterRegistrationBean [AbstractFilterRegistrationBean.java:258] Mapping filter: 'httpPutFormContentFilter' to: [/*]
2019-10-07 13:47:23,483 INFO [localhost-startStop-1] o.s.b.w.s.FilterRegistrationBean [AbstractFilterRegistrationBean.java:258] Mapping filter: 'requestContextFilter' to: [/*]
2019-10-07 13:47:23,483 INFO [localhost-startStop-1] o.s.b.w.s.DelegatingFilterProxyRegistrationBean [AbstractFilterRegistrationBean.java:258] Mapping filter: 'springSecurityFilterChain' to: [/*]
2019-10-07 13:47:23,483 INFO [localhost-startStop-1] o.s.b.w.s.ServletRegistrationBean [ServletRegistrationBean.java:190] Mapping servlet: 'dispatcherServlet' to [/]
2019-10-07 13:47:23,811 INFO [restartedMain] o.s.o.j.LocalContainerEntityManagerFactoryBean [LocalContainerEntityManagerFactoryBean.java:349] Building JPA container EntityManagerFactory for persistence unit 'default'
2019-10-07 13:47:23,811 INFO [restartedMain] o.h.j.i.u.LogHelper [LogHelper.java:31] HHH000204: Processing PersistenceUnitInfo [
	name: default
	...]
2019-10-07 13:47:23,833 INFO [restartedMain] o.h.d.Dialect [Dialect.java:156] HHH000400: Using dialect: org.hibernate.dialect.MySQL5Dialect
2019-10-07 13:47:23,860 INFO [restartedMain] o.h.t.h.SchemaUpdate [SchemaUpdate.java:105] HHH000228: Running hbm2ddl schema update
2019-10-07 13:47:23,943 INFO [restartedMain] o.s.o.j.LocalContainerEntityManagerFactoryBean [AbstractEntityManagerFactoryBean.java:379] Initialized JPA EntityManagerFactory for persistence unit 'default'
2019-10-07 13:47:24,025 INFO [restartedMain] o.e.plugins [Log4jESLogger.java:120] [Master Khan] modules [], plugins [], sites []
2019-10-07 13:47:24,039 INFO [restartedMain] o.s.d.e.c.TransportClientFactoryBean [TransportClientFactoryBean.java:96] adding transport node : localhost:9300
2019-10-07 13:47:24,106 ERROR [restartedMain] o.s.d.e.r.s.AbstractElasticsearchRepository [AbstractElasticsearchRepository.java:80] failed to load elasticsearch nodes : org.elasticsearch.index.mapper.MapperParsingException: No type specified for field [videoID]
2019-10-07 13:47:24,439 INFO [restartedMain] o.s.s.w.DefaultSecurityFilterChain [DefaultSecurityFilterChain.java:43] Creating filter chain: org.springframework.security.web.util.matcher.AnyRequestMatcher@1, [org.springframework.security.web.context.request.async.WebAsyncManagerIntegrationFilter@14cb0bf6, org.springframework.security.web.context.SecurityContextPersistenceFilter@4297af9c, org.springframework.security.web.header.HeaderWriterFilter@6857bf21, org.springframework.security.web.csrf.CsrfFilter@39f17535, org.springframework.security.web.authentication.logout.LogoutFilter@6d645d22, org.springframework.security.web.authentication.UsernamePasswordAuthenticationFilter@4b154df9, org.springframework.security.web.savedrequest.RequestCacheAwareFilter@21586c1c, org.springframework.security.web.servletapi.SecurityContextHolderAwareRequestFilter@742371a1, org.springframework.security.web.authentication.rememberme.RememberMeAuthenticationFilter@3587c43e, org.springframework.security.web.authentication.AnonymousAuthenticationFilter@3191f2f7, org.springframework.security.web.session.SessionManagementFilter@70fd346b, org.springframework.security.web.access.ExceptionTranslationFilter@4dd5df25, org.springframework.security.web.access.intercept.FilterSecurityInterceptor@5e5f641c]
2019-10-07 13:47:24,505 ERROR [restartedMain] o.s.d.e.r.s.AbstractElasticsearchRepository [AbstractElasticsearchRepository.java:80] failed to load elasticsearch nodes : org.elasticsearch.index.mapper.MapperParsingException: No type specified for field [brand]
2019-10-07 13:47:24,514 INFO [restartedMain] o.s.w.s.m.m.a.RequestMappingHandlerAdapter [RequestMappingHandlerAdapter.java:534] Looking for @ControllerAdvice: org.springframework.boot.context.embedded.AnnotationConfigEmbeddedWebApplicationContext@12795d8d: startup date [Mon Oct 07 13:47:22 CST 2019]; root of context hierarchy
2019-10-07 13:47:24,530 INFO [restartedMain] o.s.w.s.m.m.a.RequestMappingHandlerMapping [AbstractHandlerMethodMapping.java:543] Mapped "{[/comments/{id}],methods=[DELETE]}" onto public org.springframework.http.ResponseEntity<li.changlin.asiya.utils.Response> li.changlin.asiya.controller.CommCon.delete(java.lang.Integer,java.lang.Integer)
2019-10-07 13:47:24,530 INFO [restartedMain] o.s.w.s.m.m.a.RequestMappingHandlerMapping [AbstractHandlerMethodMapping.java:543] Mapped "{[/comments],methods=[GET]}" onto public java.lang.String li.changlin.asiya.controller.CommCon.listComments(java.lang.Integer,org.springframework.ui.Model)
2019-10-07 13:47:24,530 INFO [restartedMain] o.s.w.s.m.m.a.RequestMappingHandlerMapping [AbstractHandlerMethodMapping.java:543] Mapped "{[/comments],methods=[POST]}" onto public org.springframework.http.ResponseEntity<li.changlin.asiya.utils.Response> li.changlin.asiya.controller.CommCon.createComment(java.lang.Integer,java.lang.String)
2019-10-07 13:47:24,530 INFO [restartedMain] o.s.w.s.m.m.a.RequestMappingHandlerMapping [AbstractHandlerMethodMapping.java:543] Mapped "{[/ero],methods=[GET]}" onto public java.lang.String li.changlin.asiya.controller.EroCon.listVideo(java.lang.String,java.lang.String,java.lang.String,java.lang.String,java.lang.String,boolean,int,int,org.springframework.ui.Model)
2019-10-07 13:47:24,531 INFO [restartedMain] o.s.w.s.m.m.a.RequestMappingHandlerMapping [AbstractHandlerMethodMapping.java:543] Mapped "{[/ero/upload],methods=[POST]}" onto public java.util.Map<java.lang.String, java.lang.Object> li.changlin.asiya.controller.EroCon.uploadfile(org.springframework.web.multipart.MultipartFile[])
2019-10-07 13:47:24,531 INFO [restartedMain] o.s.w.s.m.m.a.RequestMappingHandlerMapping [AbstractHandlerMethodMapping.java:543] Mapped "{[/ero/submit],methods=[POST]}" onto public org.springframework.http.ResponseEntity<li.changlin.asiya.utils.Response> li.changlin.asiya.controller.EroCon.submitfile(li.changlin.asiya.entity.Video)
2019-10-07 13:47:24,531 INFO [restartedMain] o.s.w.s.m.m.a.RequestMappingHandlerMapping [AbstractHandlerMethodMapping.java:543] Mapped "{[/ero/add],methods=[GET]}" onto public java.lang.String li.changlin.asiya.controller.EroCon.addero()
2019-10-07 13:47:24,531 INFO [restartedMain] o.s.w.s.m.m.a.RequestMappingHandlerMapping [AbstractHandlerMethodMapping.java:543] Mapped "{[/],methods=[GET]}" onto public java.lang.String li.changlin.asiya.controller.FirstCon.first()
2019-10-07 13:47:24,531 INFO [restartedMain] o.s.w.s.m.m.a.RequestMappingHandlerMapping [AbstractHandlerMethodMapping.java:543] Mapped "{[/under18],methods=[GET]}" onto public java.lang.String li.changlin.asiya.controller.FirstCon.under18()
2019-10-07 13:47:24,532 INFO [restartedMain] o.s.w.s.m.m.a.RequestMappingHandlerMapping [AbstractHandlerMethodMapping.java:543] Mapped "{[/register],methods=[POST]}" onto public java.lang.String li.changlin.asiya.controller.LoginCon.postRegister(li.changlin.asiya.entity.User,org.springframework.ui.Model)
2019-10-07 13:47:24,532 INFO [restartedMain] o.s.w.s.m.m.a.RequestMappingHandlerMapping [AbstractHandlerMethodMapping.java:543] Mapped "{[/admin],methods=[GET]}" onto public java.lang.String li.changlin.asiya.controller.LoginCon.admin(org.springframework.ui.Model)
2019-10-07 13:47:24,532 INFO [restartedMain] o.s.w.s.m.m.a.RequestMappingHandlerMapping [AbstractHandlerMethodMapping.java:543] Mapped "{[/login-error],methods=[GET]}" onto public java.lang.String li.changlin.asiya.controller.LoginCon.loginerror(org.springframework.ui.Model)
2019-10-07 13:47:24,532 INFO [restartedMain] o.s.w.s.m.m.a.RequestMappingHandlerMapping [AbstractHandlerMethodMapping.java:543] Mapped "{[/login],methods=[GET]}" onto public java.lang.String li.changlin.asiya.controller.LoginCon.getlogin()
2019-10-07 13:47:24,532 INFO [restartedMain] o.s.w.s.m.m.a.RequestMappingHandlerMapping [AbstractHandlerMethodMapping.java:543] Mapped "{[/register],methods=[GET]}" onto public java.lang.String li.changlin.asiya.controller.LoginCon.getRegister()
2019-10-07 13:47:24,533 INFO [restartedMain] o.s.w.s.m.m.a.RequestMappingHandlerMapping [AbstractHandlerMethodMapping.java:543] Mapped "{[/user/{id}],methods=[DELETE]}" onto public org.springframework.http.ResponseEntity<li.changlin.asiya.utils.Response> li.changlin.asiya.controller.UserCon.delete(java.lang.Integer,org.springframework.ui.Model)
2019-10-07 13:47:24,533 INFO [restartedMain] o.s.w.s.m.m.a.RequestMappingHandlerMapping [AbstractHandlerMethodMapping.java:543] Mapped "{[/userEdit/{myname}],methods=[POST]}" onto public java.lang.String li.changlin.asiya.controller.UserCon.userEdit(java.lang.String,javax.servlet.http.HttpServletRequest,li.changlin.asiya.entity.User)
2019-10-07 13:47:24,533 INFO [restartedMain] o.s.w.s.m.m.a.RequestMappingHandlerMapping [AbstractHandlerMethodMapping.java:543] Mapped "{[/user/edit/{id}],methods=[GET]}" onto public java.lang.String li.changlin.asiya.controller.UserCon.edituser(java.lang.Integer,org.springframework.ui.Model)
2019-10-07 13:47:24,535 INFO [restartedMain] o.s.w.s.m.m.a.RequestMappingHandlerMapping [AbstractHandlerMethodMapping.java:543] Mapped "{[/user],methods=[GET]}" onto public java.util.Map<java.lang.String, java.lang.Object> li.changlin.asiya.controller.UserCon.getlist(javax.servlet.http.HttpServletRequest)
2019-10-07 13:47:24,535 INFO [restartedMain] o.s.w.s.m.m.a.RequestMappingHandlerMapping [AbstractHandlerMethodMapping.java:543] Mapped "{[/userEdit],methods=[GET]}" onto public java.lang.String li.changlin.asiya.controller.UserCon.getUserEdit(java.lang.String,org.springframework.ui.Model)
2019-10-07 13:47:24,535 INFO [restartedMain] o.s.w.s.m.m.a.RequestMappingHandlerMapping [AbstractHandlerMethodMapping.java:543] Mapped "{[/user],methods=[POST]}" onto public org.springframework.http.ResponseEntity<li.changlin.asiya.utils.Response> li.changlin.asiya.controller.UserCon.addOrEdituser(li.changlin.asiya.entity.User,java.lang.Integer)
2019-10-07 13:47:24,535 INFO [restartedMain] o.s.w.s.m.m.a.RequestMappingHandlerMapping [AbstractHandlerMethodMapping.java:543] Mapped "{[/userIcon],methods=[POST]}" onto public java.lang.String li.changlin.asiya.controller.UserCon.uploadIcon(org.springframework.web.multipart.MultipartFile)
2019-10-07 13:47:24,535 INFO [restartedMain] o.s.w.s.m.m.a.RequestMappingHandlerMapping [AbstractHandlerMethodMapping.java:543] Mapped "{[/user/add],methods=[GET]}" onto public java.lang.String li.changlin.asiya.controller.UserCon.adduser(org.springframework.ui.Model)
2019-10-07 13:47:24,536 INFO [restartedMain] o.s.w.s.m.m.a.RequestMappingHandlerMapping [AbstractHandlerMethodMapping.java:543] Mapped "{[/u/{id}],methods=[GET]}" onto public java.lang.String li.changlin.asiya.controller.UserCon.userProfile(java.lang.Integer,org.springframework.ui.Model)
2019-10-07 13:47:24,536 INFO [restartedMain] o.s.w.s.m.m.a.RequestMappingHandlerMapping [AbstractHandlerMethodMapping.java:543] Mapped "{[/video/{videoID}],methods=[GET]}" onto public java.lang.String li.changlin.asiya.controller.VideoCon.getvideo(java.lang.Integer,boolean,org.springframework.ui.Model)
2019-10-07 13:47:24,536 INFO [restartedMain] o.s.w.s.m.m.a.RequestMappingHandlerMapping [AbstractHandlerMethodMapping.java:543] Mapped "{[/coverImage],methods=[POST]}" onto public java.lang.String li.changlin.asiya.controller.VideoCon.uploadCover(org.springframework.web.multipart.MultipartFile)
2019-10-07 13:47:24,536 INFO [restartedMain] o.s.w.s.m.m.a.RequestMappingHandlerMapping [AbstractHandlerMethodMapping.java:543] Mapped "{[/votes/{id}],methods=[DELETE]}" onto public org.springframework.http.ResponseEntity<li.changlin.asiya.utils.Response> li.changlin.asiya.controller.VoteCon.delete(java.lang.Integer,java.lang.Integer)
2019-10-07 13:47:24,537 INFO [restartedMain] o.s.w.s.m.m.a.RequestMappingHandlerMapping [AbstractHandlerMethodMapping.java:543] Mapped "{[/votes],methods=[POST]}" onto public org.springframework.http.ResponseEntity<li.changlin.asiya.utils.Response> li.changlin.asiya.controller.VoteCon.createVote(java.lang.Integer)
2019-10-07 13:47:24,538 INFO [restartedMain] o.s.w.s.m.m.a.RequestMappingHandlerMapping [AbstractHandlerMethodMapping.java:543] Mapped "{[/error]}" onto public org.springframework.http.ResponseEntity<java.util.Map<java.lang.String, java.lang.Object>> org.springframework.boot.autoconfigure.web.BasicErrorController.error(javax.servlet.http.HttpServletRequest)
2019-10-07 13:47:24,538 INFO [restartedMain] o.s.w.s.m.m.a.RequestMappingHandlerMapping [AbstractHandlerMethodMapping.java:543] Mapped "{[/error],produces=[text/html]}" onto public org.springframework.web.servlet.ModelAndView org.springframework.boot.autoconfigure.web.BasicErrorController.errorHtml(javax.servlet.http.HttpServletRequest,javax.servlet.http.HttpServletResponse)
2019-10-07 13:47:24,563 INFO [restartedMain] o.s.w.s.h.SimpleUrlHandlerMapping [AbstractUrlHandlerMapping.java:362] Mapped URL path [/webjars/**] onto handler of type [class org.springframework.web.servlet.resource.ResourceHttpRequestHandler]
2019-10-07 13:47:24,563 INFO [restartedMain] o.s.w.s.h.SimpleUrlHandlerMapping [AbstractUrlHandlerMapping.java:362] Mapped URL path [/**] onto handler of type [class org.springframework.web.servlet.resource.ResourceHttpRequestHandler]
2019-10-07 13:47:24,583 INFO [restartedMain] o.s.w.s.h.SimpleUrlHandlerMapping [AbstractUrlHandlerMapping.java:362] Mapped URL path [/**/favicon.ico] onto handler of type [class org.springframework.web.servlet.resource.ResourceHttpRequestHandler]
2019-10-07 13:47:24,602 WARN [restartedMain] o.t.t.TemplateMode [TemplateMode.java:150] [THYMELEAF][restartedMain] Template Mode 'HTML5' is deprecated. Using Template Mode 'HTML' instead.
2019-10-07 13:47:24,770 INFO [restartedMain] o.s.b.d.a.OptionalLiveReloadServer [OptionalLiveReloadServer.java:58] LiveReload server is running on port 35729
2019-10-07 13:47:24,807 INFO [restartedMain] o.s.j.e.a.AnnotationMBeanExporter [MBeanExporter.java:431] Registering beans for JMX exposure on startup
2019-10-07 13:47:24,816 INFO [restartedMain] o.s.b.c.e.t.TomcatEmbeddedServletContainer [TomcatEmbeddedServletContainer.java:198] Tomcat started on port(s): 80 (http)
2019-10-07 13:47:24,817 INFO [restartedMain] l.c.a.AsiyaApplication [StartupInfoLogger.java:57] Started AsiyaApplication in 2.405 seconds (JVM running for 5420.532)
2019-10-07 13:49:25,719 INFO [Thread-122] o.s.b.c.e.AnnotationConfigEmbeddedWebApplicationContext [AbstractApplicationContext.java:987] Closing org.springframework.boot.context.embedded.AnnotationConfigEmbeddedWebApplicationContext@12795d8d: startup date [Mon Oct 07 13:47:22 CST 2019]; root of context hierarchy
2019-10-07 13:49:25,720 INFO [Thread-122] o.s.j.e.a.AnnotationMBeanExporter [MBeanExporter.java:449] Unregistering JMX-exposed beans on shutdown
2019-10-07 13:49:25,744 INFO [Thread-122] o.s.b.a.d.e.ElasticsearchAutoConfiguration [ElasticsearchAutoConfiguration.java:134] Closing Elasticsearch client
2019-10-07 13:49:25,745 INFO [Thread-122] o.s.o.j.LocalContainerEntityManagerFactoryBean [AbstractEntityManagerFactoryBean.java:548] Closing JPA EntityManagerFactory for persistence unit 'default'
